<?xml version="1.0" encoding="UTF-8"?>
<testng-results ignored="0" total="3" passed="3" failed="0" skipped="0">
  <reporter-output>
    <line>
      <![CDATA[eBay Home page is Displayed]]>
    </line>
    <line>
      <![CDATA[eBay Selling page is Displayed]]>
    </line>
    <line>
      <![CDATA[UK eBay Home page is Displayed]]>
    </line>
    <line>
      <![CDATA[UK eBay Selling page is Displayed]]>
    </line>
    <line>
      <![CDATA[Australia eBay Home page is Displayed]]>
    </line>
    <line>
      <![CDATA[Australia eBay Selling page is Displayed]]>
    </line>
  </reporter-output>
  <suite started-at="2022-02-21T14:50:38 IST" name="Suite" finished-at="2022-02-21T14:50:53 IST" duration-ms="15374">
    <groups>
    </groups>
    <test started-at="2022-02-21T14:50:38 IST" name="Test" finished-at="2022-02-21T14:50:53 IST" duration-ms="15374">
      <class name="eBayUS.SelleBayuk">
        <test-method signature="eBay()[pri:0, instance:eBayUS.SelleBayuk@22e357dc]" started-at="2022-02-21T14:50:38 IST" name="eBay" finished-at="2022-02-21T14:50:51 IST" duration-ms="13542" status="PASS">
          <reporter-output>
            <line>
              <![CDATA[UK eBay Home page is Displayed]]>
            </line>
            <line>
              <![CDATA[UK eBay Selling page is Displayed]]>
            </line>
          </reporter-output>
        </test-method> <!-- eBay -->
      </class> <!-- eBayUS.SelleBayuk -->
      <class name="eBayUS.SelleBay">
        <test-method signature="eBay()[pri:0, instance:eBayUS.SelleBay@702b8b12]" started-at="2022-02-21T14:50:38 IST" name="eBay" finished-at="2022-02-21T14:50:53 IST" duration-ms="15176" status="PASS">
          <reporter-output>
            <line>
              <![CDATA[eBay Home page is Displayed]]>
            </line>
            <line>
              <![CDATA[eBay Selling page is Displayed]]>
            </line>
          </reporter-output>
        </test-method> <!-- eBay -->
      </class> <!-- eBayUS.SelleBay -->
      <class name="eBayUS.AUSelleBayPage">
        <test-method signature="eBay()[pri:0, instance:eBayUS.AUSelleBayPage@306f16f3]" started-at="2022-02-21T14:50:38 IST" name="eBay" finished-at="2022-02-21T14:50:53 IST" duration-ms="15332" status="PASS">
          <reporter-output>
            <line>
              <![CDATA[Australia eBay Home page is Displayed]]>
            </line>
            <line>
              <![CDATA[Australia eBay Selling page is Displayed]]>
            </line>
          </reporter-output>
        </test-method> <!-- eBay -->
      </class> <!-- eBayUS.AUSelleBayPage -->
    </test> <!-- Test -->
  </suite> <!-- Suite -->
</testng-results>
